0 info it worked if it ends with ok
1 verbose cli [ 'C:\\Program Files\\nodejs\\node.exe',
1 verbose cli   'C:\\Program Files\\nodejs\\node_modules\\npm\\bin\\npm-cli.js',
1 verbose cli   'start' ]
2 info using npm@3.10.3
3 info using node@v6.3.1
4 verbose run-script [ 'prestart', 'start', 'poststart' ]
5 info lifecycle vhd@0.0.0~prestart: vhd@0.0.0
6 silly lifecycle vhd@0.0.0~prestart: no script for prestart, continuing
7 info lifecycle vhd@0.0.0~start: vhd@0.0.0
8 verbose lifecycle vhd@0.0.0~start: unsafe-perm in lifecycle true
9 verbose lifecycle vhd@0.0.0~start: PATH: C:\Program Files\nodejs\node_modules\npm\bin\node-gyp-bin;C:\Users\umang18oct\Desktop\vhd\node_modules\.bin;C:\Program Files\nodejs;C:\ProgramData\Oracle\Java\javapath;C:\Program Files (x86)\Intel\iCLS Client\;C:\Program Files\Intel\iCLS Client\;C:\Windows\system32;C:\Windows;C:\Windows\System32\Wbem;C:\Windows\System32\WindowsPowerShell\v1.0\;C:\Program Files\Intel\Intel(R) Management Engine Components\DAL;C:\Program Files\Intel\Intel(R) Management Engine Components\IPT;C:\Program Files (x86)\Intel\Intel(R) Management Engine Components\DAL;C:\Program Files (x86)\Intel\Intel(R) Management Engine Components\IPT;C:\Program Files\Acer\Remote Files\;C:\Program Files\MATLAB\MATLAB Production Server\R2013a\runtime\win64;C:\Program Files\MATLAB\MATLAB Production Server\R2013a\bin;C:\Program Files (x86)\NVIDIA Corporation\PhysX\Common;%USERPROFILE%\.dnx\bin;C:\Program Files\Microsoft DNX\Dnvm\;C:\Program Files\Microsoft SQL Server\120\Tools\Binn\;C:\Program Files (x86)\QuickTime\QTSystem\;C:\Program Files (x86)\Common Files\lenovo\easyplussdk\bin;C:\Program Files\Java\jdk1.8.0_92\bin;%SystemRoot%\system32;%SystemRoot%;%SystemRoot%\System32\Wbem;%SYSTEMROOT%\System32\WindowsPowerShell\v1.0\;C:\Program Files\Git\bin;C:\Program Files\nodejs\;C:\Android;C:\Users\umang18oct\AppData\Local\Programs\Python\Python35-32\Scripts\;C:\Users\umang18oct\AppData\Local\Programs\Python\Python35-32\;C:\Program Files\MongoDB\Server\3.2\bin\;C:\Users\umang18oct\AppData\Roaming\npm;C:\Users\umang18oct\AppData\Local\atom\bin;%USERPROFILE%\AppData\Local\Microsoft\WindowsApps;
10 verbose lifecycle vhd@0.0.0~start: CWD: C:\Users\umang18oct\Desktop\vhd
11 silly lifecycle vhd@0.0.0~start: Args: [ '/d /s /c', 'node ./bin/www' ]
12 silly lifecycle vhd@0.0.0~start: Returned: code: 1  signal: null
13 info lifecycle vhd@0.0.0~start: Failed to exec start script
14 verbose stack Error: vhd@0.0.0 start: `node ./bin/www`
14 verbose stack Exit status 1
14 verbose stack     at EventEmitter.<anonymous> (C:\Program Files\nodejs\node_modules\npm\lib\utils\lifecycle.js:242:16)
14 verbose stack     at emitTwo (events.js:106:13)
14 verbose stack     at EventEmitter.emit (events.js:191:7)
14 verbose stack     at ChildProcess.<anonymous> (C:\Program Files\nodejs\node_modules\npm\lib\utils\spawn.js:40:14)
14 verbose stack     at emitTwo (events.js:106:13)
14 verbose stack     at ChildProcess.emit (events.js:191:7)
14 verbose stack     at maybeClose (internal/child_process.js:852:16)
14 verbose stack     at Process.ChildProcess._handle.onexit (internal/child_process.js:215:5)
15 verbose pkgid vhd@0.0.0
16 verbose cwd C:\Users\umang18oct\Desktop\vhd
17 error Windows_NT 10.0.14393
18 error argv "C:\\Program Files\\nodejs\\node.exe" "C:\\Program Files\\nodejs\\node_modules\\npm\\bin\\npm-cli.js" "start"
19 error node v6.3.1
20 error npm  v3.10.3
21 error code ELIFECYCLE
22 error vhd@0.0.0 start: `node ./bin/www`
22 error Exit status 1
23 error Failed at the vhd@0.0.0 start script 'node ./bin/www'.
23 error Make sure you have the latest version of node.js and npm installed.
23 error If you do, this is most likely a problem with the vhd package,
23 error not with npm itself.
23 error Tell the author that this fails on your system:
23 error     node ./bin/www
23 error You can get information on how to open an issue for this project with:
23 error     npm bugs vhd
23 error Or if that isn't available, you can get their info via:
23 error     npm owner ls vhd
23 error There is likely additional logging output above.
24 verbose exit [ 1, true ]
